2012-12-11 21:22:36,667 - Robot_Team2 - INFO	   1: Sense       in 0.000086 sec
2012-12-11 21:22:36,718 - Robot_Team2 - INFO	   2: MoveForward in 0.000073 sec
2012-12-11 21:22:36,769 - Robot_Team2 - INFO	   3: Sense       in 0.000027 sec
2012-12-11 21:22:36,820 - Robot_Team2 - INFO	   4: MoveForward in 0.000055 sec
2012-12-11 21:22:36,871 - Robot_Team2 - INFO	   5: Sense       in 0.000076 sec
2012-12-11 21:22:36,922 - Robot_Team2 - INFO	   6: MoveForward in 0.000038 sec
2012-12-11 21:22:36,972 - Robot_Team2 - INFO	   7: Sense       in 0.000024 sec
2012-12-11 21:22:37,023 - Robot_Team2 - INFO	   8: MoveForward in 0.000051 sec
2012-12-11 21:22:37,074 - Robot_Team2 - INFO	   9: Sense       in 0.000073 sec
2012-12-11 21:22:37,125 - Robot_Team2 - INFO	  10: RightTurn   in 0.000116 sec
2012-12-11 21:22:37,177 - Robot_Team2 - INFO	  11: Sense       in 0.000067 sec
2012-12-11 21:22:37,228 - Robot_Team2 - INFO	  12: MoveForward in 0.000095 sec
2012-12-11 21:22:37,280 - Robot_Team2 - INFO	  13: Sense       in 0.000066 sec
2012-12-11 21:22:37,331 - Robot_Team2 - INFO	  14: MoveForward in 0.000120 sec
2012-12-11 21:22:37,383 - Robot_Team2 - INFO	  15: Sense       in 0.000074 sec
2012-12-11 21:22:37,434 - Robot_Team2 - INFO	  16: RightTurn   in 0.000118 sec
2012-12-11 21:22:37,486 - Robot_Team2 - INFO	  17: Sense       in 0.000067 sec
2012-12-11 21:22:37,537 - Robot_Team2 - INFO	  18: MoveForward in 0.000094 sec
2012-12-11 21:22:37,589 - Robot_Team2 - INFO	  19: Sense       in 0.000068 sec
2012-12-11 21:22:37,640 - Robot_Team2 - INFO	  20: MoveForward in 0.000125 sec
2012-12-11 21:22:37,692 - Robot_Team2 - INFO	  21: Sense       in 0.000076 sec
2012-12-11 21:22:37,743 - Robot_Team2 - INFO	  22: MoveForward in 0.000125 sec
2012-12-11 21:22:37,795 - Robot_Team2 - INFO	  23: Sense       in 0.000074 sec
2012-12-11 21:22:37,846 - Robot_Team2 - INFO	  24: MoveForward in 0.000055 sec
2012-12-11 21:22:37,897 - Robot_Team2 - INFO	  25: Sense       in 0.000058 sec
2012-12-11 21:22:37,948 - Robot_Team2 - INFO	  26: LeftTurn    in 0.000098 sec
2012-12-11 21:22:37,999 - Robot_Team2 - INFO	  27: Sense       in 0.000048 sec
2012-12-11 21:22:38,050 - Robot_Team2 - INFO	  28: MoveForward in 0.000029 sec
2012-12-11 21:22:38,101 - Robot_Team2 - INFO	  29: Sense       in 0.000020 sec
2012-12-11 21:22:38,151 - Robot_Team2 - INFO	  30: MoveForward in 0.000040 sec
2012-12-11 21:22:38,202 - Robot_Team2 - INFO	  31: Sense       in 0.000052 sec
2012-12-11 21:22:38,253 - Robot_Team2 - INFO	  32: LeftTurn    in 0.000095 sec
2012-12-11 21:22:38,305 - Robot_Team2 - INFO	  33: Sense       in 0.000048 sec
2012-12-11 21:22:38,356 - Robot_Team2 - INFO	  34: MoveForward in 0.000072 sec
2012-12-11 21:22:38,407 - Robot_Team2 - INFO	  35: Sense       in 0.000053 sec
2012-12-11 21:22:38,458 - Robot_Team2 - INFO	  36: MoveForward in 0.000096 sec
2012-12-11 21:22:38,510 - Robot_Team2 - INFO	  37: Sense       in 0.000053 sec
2012-12-11 21:22:38,561 - Robot_Team2 - INFO	  38: RightTurn   in 0.000098 sec
2012-12-11 21:22:38,612 - Robot_Team2 - INFO	  39: Sense       in 0.000050 sec
2012-12-11 21:22:38,663 - Robot_Team2 - INFO	  40: MoveForward in 0.000095 sec
2012-12-11 21:22:38,715 - Robot_Team2 - INFO	  41: Sense       in 0.000068 sec
2012-12-11 21:22:38,766 - Robot_Team2 - INFO	  42: MoveForward in 0.000127 sec
2012-12-11 21:22:38,818 - Robot_Team2 - INFO	  43: Sense       in 0.000073 sec
2012-12-11 21:22:38,869 - Robot_Team2 - INFO	  44: RightTurn   in 0.000117 sec
2012-12-11 21:22:38,921 - Robot_Team2 - INFO	  45: Sense       in 0.000068 sec
2012-12-11 21:22:38,972 - Robot_Team2 - INFO	  46: MoveForward in 0.000092 sec
2012-12-11 21:22:39,023 - Robot_Team2 - INFO	  47: Sense       in 0.000031 sec
2012-12-11 21:22:39,074 - Robot_Team2 - INFO	  48: MoveForward in 0.000042 sec
2012-12-11 21:22:39,125 - Robot_Team2 - INFO	  49: Sense       in 0.000075 sec
2012-12-11 21:22:39,176 - Robot_Team2 - INFO	  50: LeftTurn    in 0.000126 sec
2012-12-11 21:22:39,228 - Robot_Team2 - INFO	  51: Sense       in 0.000079 sec
2012-12-11 21:22:39,280 - Robot_Team2 - INFO	  52: MoveForward in 0.000103 sec
2012-12-11 21:22:39,332 - Robot_Team2 - INFO	  53: Sense       in 0.000084 sec
2012-12-11 21:22:39,384 - Robot_Team2 - INFO	  54: MoveForward in 0.000136 sec
2012-12-11 21:22:39,436 - Robot_Team2 - INFO	  55: Sense       in 0.000086 sec
2012-12-11 21:22:39,487 - Robot_Team2 - INFO	  56: RightTurn   in 0.000120 sec
2012-12-11 21:22:39,539 - Robot_Team2 - INFO	  57: Sense       in 0.000071 sec
2012-12-11 21:22:39,590 - Robot_Team2 - INFO	  58: MoveForward in 0.000123 sec
2012-12-11 21:22:39,642 - Robot_Team2 - INFO	  59: Sense       in 0.000064 sec
2012-12-11 21:22:39,694 - Robot_Team2 - INFO	  60: MoveForward in 0.000138 sec
2012-12-11 21:22:39,745 - Robot_Team2 - INFO	  61: Sense       in 0.000074 sec
2012-12-11 21:22:39,797 - Robot_Team2 - INFO	  62: RightTurn   in 0.000124 sec
2012-12-11 21:22:39,848 - Robot_Team2 - INFO	  63: Sense       in 0.000064 sec
2012-12-11 21:22:39,900 - Robot_Team2 - INFO	  64: MoveForward in 0.000081 sec
2012-12-11 21:22:39,951 - Robot_Team2 - INFO	  65: Sense       in 0.000024 sec
2012-12-11 21:22:40,001 - Robot_Team2 - INFO	  66: MoveForward in 0.000041 sec
2012-12-11 21:22:40,052 - Robot_Team2 - INFO	  67: Sense       in 0.000023 sec
2012-12-11 21:22:40,103 - Robot_Team2 - INFO	  68: MoveForward in 0.000099 sec
2012-12-11 21:22:40,154 - Robot_Team2 - INFO	  69: Sense       in 0.000073 sec
2012-12-11 21:22:40,205 - Robot_Team2 - INFO	  70: MoveForward in 0.000127 sec
2012-12-11 21:22:40,257 - Robot_Team2 - INFO	  71: Sense       in 0.000073 sec
2012-12-11 21:22:40,308 - Robot_Team2 - INFO	  72: LeftTurn    in 0.000125 sec
2012-12-11 21:22:40,360 - Robot_Team2 - INFO	  73: Sense       in 0.000068 sec
2012-12-11 21:22:40,411 - Robot_Team2 - INFO	  74: MoveForward in 0.000099 sec
2012-12-11 21:22:40,463 - Robot_Team2 - INFO	  75: Sense       in 0.000073 sec
2012-12-11 21:22:40,514 - Robot_Team2 - INFO	  76: MoveForward in 0.000145 sec
2012-12-11 21:22:40,566 - Robot_Team2 - INFO	  77: Sense       in 0.000074 sec
2012-12-11 21:22:40,617 - Robot_Team2 - INFO	  78: RightTurn   in 0.000119 sec
2012-12-11 21:22:40,669 - Robot_Team2 - INFO	  79: Sense       in 0.000083 sec
2012-12-11 21:22:40,721 - Robot_Team2 - INFO	  80: MoveForward in 0.000094 sec
2012-12-11 21:22:40,772 - Robot_Team2 - INFO	  81: Sense       in 0.000074 sec
2012-12-11 21:22:40,824 - Robot_Team2 - INFO	  82: MoveForward in 0.000116 sec
2012-12-11 21:22:40,875 - Robot_Team2 - INFO	  83: Sense       in 0.000067 sec
2012-12-11 21:22:40,926 - Robot_Team2 - INFO	  84: RightTurn   in 0.000046 sec
2012-12-11 21:22:40,977 - Robot_Team2 - INFO	  85: Sense       in 0.000023 sec
2012-12-11 21:22:41,027 - Robot_Team2 - INFO	  86: MoveForward in 0.000031 sec
2012-12-11 21:22:41,078 - Robot_Team2 - INFO	  87: Sense       in 0.000054 sec
2012-12-11 21:22:41,129 - Robot_Team2 - INFO	  88: MoveForward in 0.000099 sec
2012-12-11 21:22:41,181 - Robot_Team2 - INFO	  89: Sense       in 0.000052 sec
2012-12-11 21:22:41,232 - Robot_Team2 - INFO	  90: LeftTurn    in 0.000098 sec
2012-12-11 21:22:41,283 - Robot_Team2 - INFO	  91: Sense       in 0.000048 sec
2012-12-11 21:22:41,334 - Robot_Team2 - INFO	  92: MoveForward in 0.000073 sec
2012-12-11 21:22:41,386 - Robot_Team2 - INFO	  93: Sense       in 0.000073 sec
2012-12-11 21:22:41,437 - Robot_Team2 - INFO	  94: MoveForward in 0.000124 sec
2012-12-11 21:22:41,489 - Robot_Team2 - INFO	  95: Sense       in 0.000071 sec
2012-12-11 21:22:41,540 - Robot_Team2 - INFO	  96: RightTurn   in 0.000123 sec
2012-12-11 21:22:41,592 - Robot_Team2 - INFO	  97: Sense       in 0.000068 sec
2012-12-11 21:22:41,643 - Robot_Team2 - INFO	  98: MoveForward in 0.000096 sec
2012-12-11 21:22:41,695 - Robot_Team2 - INFO	  99: Sense       in 0.000075 sec
2012-12-11 21:22:41,746 - Robot_Team2 - INFO	 100: MoveForward in 0.000123 sec
2012-12-11 21:22:41,798 - Robot_Team2 - INFO	 101: Sense       in 0.000071 sec
2012-12-11 21:22:41,849 - Robot_Team2 - INFO	 102: MoveForward in 0.000111 sec
2012-12-11 21:22:41,901 - Robot_Team2 - INFO	 103: Sense       in 0.000067 sec
2012-12-11 21:22:41,952 - Robot_Team2 - INFO	 104: MoveForward in 0.000127 sec
2012-12-11 21:22:42,004 - Robot_Team2 - INFO	 105: Sense       in 0.000073 sec
2012-12-11 21:22:42,055 - Robot_Team2 - INFO	 106: MoveForward in 0.000050 sec
2012-12-11 21:22:42,105 - Robot_Team2 - INFO	 107: Sense       in 0.000023 sec
2012-12-11 21:22:42,156 - Robot_Team2 - INFO	 108: MoveForward in 0.000040 sec
2012-12-11 21:22:42,207 - Robot_Team2 - INFO	 109: Sense       in 0.000073 sec
2012-12-11 21:22:42,258 - Robot_Team2 - INFO	 110: RightTurn   in 0.000117 sec
2012-12-11 21:22:42,310 - Robot_Team2 - INFO	 111: Sense       in 0.000082 sec
2012-12-11 21:22:42,362 - Robot_Team2 - INFO	 112: LeftTurn    in 0.000127 sec
2012-12-11 21:22:42,414 - Robot_Team2 - INFO	 113: Sense       in 0.000083 sec
2012-12-11 21:22:42,466 - Robot_Team2 - INFO	 114: MoveForward in 0.000107 sec
2012-12-11 21:22:42,518 - Robot_Team2 - INFO	 115: Sense       in 0.000084 sec
2012-12-11 21:22:42,570 - Robot_Team2 - INFO	 116: MoveForward in 0.000137 sec
2012-12-11 21:22:42,622 - Robot_Team2 - INFO	 117: Sense       in 0.000085 sec
2012-12-11 21:22:42,674 - Robot_Team2 - INFO	 118: MoveForward in 0.000115 sec
2012-12-11 21:22:42,725 - Robot_Team2 - INFO	 119: Sense       in 0.000071 sec
2012-12-11 21:22:42,776 - Robot_Team2 - INFO	 120: MoveForward in 0.000116 sec
2012-12-11 21:22:42,828 - Robot_Team2 - INFO	 121: Sense       in 0.000068 sec
2012-12-11 21:22:42,879 - Robot_Team2 - INFO	 122: RightTurn   in 0.000042 sec
2012-12-11 21:22:42,930 - Robot_Team2 - INFO	 123: Sense       in 0.000068 sec
2012-12-11 21:22:42,982 - Robot_Team2 - INFO	 124: MoveForward in 0.000096 sec
2012-12-11 21:22:43,033 - Robot_Team2 - INFO	 125: Sense       in 0.000031 sec
2012-12-11 21:22:43,083 - Robot_Team2 - INFO	 126: MoveForward in 0.000041 sec
2012-12-11 21:22:43,134 - Robot_Team2 - INFO	 127: Sense       in 0.000073 sec
2012-12-11 21:22:43,186 - Robot_Team2 - INFO	 128: RightTurn   in 0.000127 sec
2012-12-11 21:22:43,237 - Robot_Team2 - INFO	 129: Sense       in 0.000068 sec
2012-12-11 21:22:43,289 - Robot_Team2 - INFO	 130: MoveForward in 0.000096 sec
2012-12-11 21:22:43,340 - Robot_Team2 - INFO	 131: Sense       in 0.000069 sec
2012-12-11 21:22:43,392 - Robot_Team2 - INFO	 132: MoveForward in 0.000125 sec
2012-12-11 21:22:43,443 - Robot_Team2 - INFO	 133: Sense       in 0.000073 sec
2012-12-11 21:22:43,495 - Robot_Team2 - INFO	 134: LeftTurn    in 0.000131 sec
2012-12-11 21:22:43,546 - Robot_Team2 - INFO	 135: Sense       in 0.000066 sec
2012-12-11 21:22:43,598 - Robot_Team2 - INFO	 136: MoveForward in 0.000095 sec
2012-12-11 21:22:43,649 - Robot_Team2 - INFO	 137: Sense       in 0.000073 sec
2012-12-11 21:22:43,700 - Robot_Team2 - INFO	 138: MoveForward in 0.000120 sec
2012-12-11 21:22:43,752 - Robot_Team2 - INFO	 139: Sense       in 0.000073 sec
2012-12-11 21:22:43,803 - Robot_Team2 - INFO	 140: RightTurn   in 0.000043 sec
2012-12-11 21:22:43,854 - Robot_Team2 - INFO	 141: Sense       in 0.000062 sec
2012-12-11 21:22:43,905 - Robot_Team2 - INFO	 142: MoveForward in 0.000095 sec
2012-12-11 21:22:43,956 - Robot_Team2 - INFO	 143: Sense       in 0.000031 sec
2012-12-11 21:22:44,007 - Robot_Team2 - INFO	 144: MoveForward in 0.000039 sec
2012-12-11 21:22:44,057 - Robot_Team2 - INFO	 145: Sense       in 0.000022 sec
2012-12-11 21:22:44,108 - Robot_Team2 - INFO	 146: LeftTurn    in 0.000124 sec
2012-12-11 21:22:44,160 - Robot_Team2 - INFO	 147: Sense       in 0.000067 sec
2012-12-11 21:22:44,211 - Robot_Team2 - INFO	 148: MoveForward in 0.000094 sec
2012-12-11 21:22:44,263 - Robot_Team2 - INFO	 149: Sense       in 0.000069 sec
2012-12-11 21:22:44,314 - Robot_Team2 - INFO	 150: MoveForward in 0.000158 sec
2012-12-11 21:22:44,366 - Robot_Team2 - INFO	 151: Sense       in 0.000073 sec
2012-12-11 21:22:44,417 - Robot_Team2 - INFO	 152: LeftTurn    in 0.000116 sec
2012-12-11 21:22:44,469 - Robot_Team2 - INFO	 153: Sense       in 0.000063 sec
2012-12-11 21:22:44,520 - Robot_Team2 - INFO	 154: MoveForward in 0.000096 sec
2012-12-11 21:22:44,572 - Robot_Team2 - INFO	 155: Sense       in 0.000072 sec
2012-12-11 21:22:44,623 - Robot_Team2 - INFO	 156: MoveForward in 0.000126 sec
2012-12-11 21:22:44,675 - Robot_Team2 - INFO	 157: Sense       in 0.000073 sec
2012-12-11 21:22:44,726 - Robot_Team2 - INFO	 158: RightTurn   in 0.000127 sec
2012-12-11 21:22:44,778 - Robot_Team2 - INFO	 159: Sense       in 0.000069 sec
2012-12-11 21:22:44,829 - Robot_Team2 - INFO	 160: MoveForward in 0.000088 sec
2012-12-11 21:22:44,881 - Robot_Team2 - INFO	 161: Sense       in 0.000073 sec
2012-12-11 21:22:44,932 - Robot_Team2 - INFO	 162: MoveForward in 0.000051 sec
2012-12-11 21:22:44,982 - Robot_Team2 - INFO	 163: Sense       in 0.000024 sec
2012-12-11 21:22:45,033 - Robot_Team2 - INFO	 164: RightTurn   in 0.000039 sec
2012-12-11 21:22:45,084 - Robot_Team2 - INFO	 165: Sense       in 0.000068 sec
2012-12-11 21:22:45,135 - Robot_Team2 - INFO	 166: MoveForward in 0.000094 sec
2012-12-11 21:22:45,187 - Robot_Team2 - INFO	 167: Sense       in 0.000073 sec
2012-12-11 21:22:45,238 - Robot_Team2 - INFO	 168: MoveForward in 0.000143 sec
2012-12-11 21:22:45,290 - Robot_Team2 - INFO	 169: Sense       in 0.000073 sec
2012-12-11 21:22:45,342 - Robot_Team2 - INFO	 170: LeftTurn    in 0.000125 sec
2012-12-11 21:22:45,393 - Robot_Team2 - INFO	 171: Sense       in 0.000066 sec
2012-12-11 21:22:45,445 - Robot_Team2 - INFO	 172: MoveForward in 0.000095 sec
2012-12-11 21:22:45,496 - Robot_Team2 - INFO	 173: Sense       in 0.000072 sec
2012-12-11 21:22:45,548 - Robot_Team2 - INFO	 174: MoveForward in 0.000124 sec
2012-12-11 21:22:45,599 - Robot_Team2 - INFO	 175: Sense       in 0.000071 sec
2012-12-11 21:22:45,651 - Robot_Team2 - INFO	 176: MoveForward in 0.000121 sec
2012-12-11 21:22:45,703 - Robot_Team2 - INFO	 177: Sense       in 0.000077 sec
2012-12-11 21:22:45,754 - Robot_Team2 - INFO	 178: MoveForward in 0.000125 sec
2012-12-11 21:22:45,806 - Robot_Team2 - INFO	 179: Sense       in 0.000073 sec
2012-12-11 21:22:45,857 - Robot_Team2 - INFO	 180: MoveForward in 0.000110 sec
2012-12-11 21:22:45,908 - Robot_Team2 - INFO	 181: Sense       in 0.000026 sec
2012-12-11 21:22:45,959 - Robot_Team2 - INFO	 182: MoveForward in 0.000043 sec
2012-12-11 21:22:46,009 - Robot_Team2 - INFO	 183: Sense       in 0.000023 sec
2012-12-11 21:22:46,060 - Robot_Team2 - INFO	 184: MoveForward in 0.000125 sec
2012-12-11 21:22:46,112 - Robot_Team2 - INFO	 185: Sense       in 0.000073 sec
2012-12-11 21:22:46,164 - Robot_Team2 - INFO	 186: MoveForward in 0.000123 sec
2012-12-11 21:22:46,215 - Robot_Team2 - INFO	 187: Sense       in 0.000030 sec
2012-12-11 21:22:46,265 - Robot_Team2 - INFO	 188: MoveForward in 0.000047 sec
2012-12-11 21:22:46,316 - Robot_Team2 - INFO	 189: Sense       in 0.000030 sec
2012-12-11 21:22:46,367 - Robot_Team2 - INFO	 190: MoveForward in 0.000052 sec
2012-12-11 21:22:46,418 - Robot_Team2 - INFO	 191: Sense       in 0.000071 sec
2012-12-11 21:22:46,470 - Robot_Team2 - INFO	 192: RightTurn   in 0.000116 sec
2012-12-11 21:22:46,521 - Robot_Team2 - INFO	 193: Sense       in 0.000067 sec
2012-12-11 21:22:46,573 - Robot_Team2 - INFO	 194: MoveForward in 0.000096 sec
2012-12-11 21:22:46,624 - Robot_Team2 - INFO	 195: Sense       in 0.000027 sec
2012-12-11 21:22:46,675 - Robot_Team2 - INFO	 196: MoveForward in 0.000121 sec
2012-12-11 21:22:46,727 - Robot_Team2 - INFO	 197: Sense       in 0.000074 sec
2012-12-11 21:22:46,778 - Robot_Team2 - INFO	 198: RightTurn   in 0.000124 sec
2012-12-11 21:22:46,829 - Robot_Team2 - INFO	 199: Sense       in 0.000039 sec
2012-12-11 21:22:46,880 - Robot_Team2 - INFO	 200: RightTurn   in 0.000125 sec
2012-12-11 21:22:46,932 - Robot_Team2 - INFO	 201: Sense       in 0.000064 sec
2012-12-11 21:22:46,983 - Robot_Team2 - INFO	 202: MoveForward in 0.000038 sec
2012-12-11 21:22:47,033 - Robot_Team2 - INFO	 203: Sense       in 0.000026 sec
2012-12-11 21:22:47,084 - Robot_Team2 - INFO	 204: MoveForward in 0.000052 sec
2012-12-11 21:22:47,135 - Robot_Team2 - INFO	 205: Sense       in 0.000025 sec
2012-12-11 21:22:47,186 - Robot_Team2 - INFO	 206: LeftTurn    in 0.000124 sec
2012-12-11 21:22:47,237 - Robot_Team2 - INFO	 207: Sense       in 0.000069 sec
2012-12-11 21:22:47,289 - Robot_Team2 - INFO	 208: MoveForward in 0.000097 sec
2012-12-11 21:22:47,340 - Robot_Team2 - INFO	 209: Sense       in 0.000075 sec
2012-12-11 21:22:47,392 - Robot_Team2 - INFO	 210: MoveForward in 0.000125 sec
2012-12-11 21:22:47,443 - Robot_Team2 - INFO	 211: Sense       in 0.000074 sec
2012-12-11 21:22:47,495 - Robot_Team2 - INFO	 212: MoveForward in 0.000125 sec
2012-12-11 21:22:47,546 - Robot_Team2 - INFO	 213: Sense       in 0.000075 sec
2012-12-11 21:22:47,598 - Robot_Team2 - INFO	 214: MoveForward in 0.000126 sec
2012-12-11 21:22:47,650 - Robot_Team2 - INFO	 215: Sense       in 0.000088 sec
2012-12-11 21:22:47,702 - Robot_Team2 - INFO	 216: MoveForward in 0.000139 sec
2012-12-11 21:22:47,753 - Robot_Team2 - INFO	 217: Sense       in 0.000071 sec
2012-12-11 21:22:47,805 - Robot_Team2 - INFO	 218: MoveForward in 0.000125 sec
2012-12-11 21:22:47,856 - Robot_Team2 - INFO	 219: Sense       in 0.000054 sec
2012-12-11 21:22:47,907 - Robot_Team2 - INFO	 220: RightTurn   in 0.000121 sec
2012-12-11 21:22:47,958 - Robot_Team2 - INFO	 221: Sense       in 0.000040 sec
2012-12-11 21:22:48,009 - Robot_Team2 - INFO	 222: MoveForward in 0.000026 sec
2012-12-11 21:22:48,059 - Robot_Team2 - INFO	 223: Sense       in 0.000022 sec
2012-12-11 21:22:48,111 - Robot_Team2 - INFO	 224: MoveForward in 0.000169 sec
2012-12-11 21:22:48,162 - Robot_Team2 - INFO	 225: Sense       in 0.000074 sec
2012-12-11 21:22:48,214 - Robot_Team2 - INFO	 226: MoveForward in 0.000119 sec
2012-12-11 21:22:48,265 - Robot_Team2 - INFO	 227: Sense       in 0.000066 sec
2012-12-11 21:22:48,317 - Robot_Team2 - INFO	 228: MoveForward in 0.000126 sec
2012-12-11 21:22:48,368 - Robot_Team2 - INFO	 229: Sense       in 0.000073 sec
2012-12-11 21:22:48,420 - Robot_Team2 - INFO	 230: RightTurn   in 0.000121 sec
2012-12-11 21:22:48,471 - Robot_Team2 - INFO	 231: Sense       in 0.000068 sec
2012-12-11 21:22:48,523 - Robot_Team2 - INFO	 232: MoveForward in 0.000095 sec
2012-12-11 21:22:48,574 - Robot_Team2 - INFO	 233: Sense       in 0.000069 sec
2012-12-11 21:22:48,626 - Robot_Team2 - INFO	 234: MoveForward in 0.000125 sec
2012-12-11 21:22:48,677 - Robot_Team2 - INFO	 235: Sense       in 0.000069 sec
2012-12-11 21:22:48,729 - Robot_Team2 - INFO	 236: RightTurn   in 0.000127 sec
2012-12-11 21:22:48,780 - Robot_Team2 - INFO	 237: Sense       in 0.000068 sec
2012-12-11 21:22:48,831 - Robot_Team2 - INFO	 238: MoveForward in 0.000047 sec
2012-12-11 21:22:48,882 - Robot_Team2 - INFO	 239: Sense       in 0.000072 sec
2012-12-11 21:22:48,933 - Robot_Team2 - INFO	 240: MoveForward in 0.000051 sec
2012-12-11 21:22:48,984 - Robot_Team2 - INFO	 241: Sense       in 0.000022 sec
2012-12-11 21:22:49,035 - Robot_Team2 - INFO	 242: RightTurn   in 0.000040 sec
2012-12-11 21:22:49,086 - Robot_Team2 - INFO	 243: Sense       in 0.000069 sec
2012-12-11 21:22:49,137 - Robot_Team2 - INFO	 244: RightTurn   in 0.000131 sec
2012-12-11 21:22:49,189 - Robot_Team2 - INFO	 245: Sense       in 0.000069 sec
2012-12-11 21:22:49,240 - Robot_Team2 - INFO	 246: MoveForward in 0.000101 sec
2012-12-11 21:22:49,292 - Robot_Team2 - INFO	 247: Sense       in 0.000073 sec
2012-12-11 21:22:49,343 - Robot_Team2 - INFO	 248: MoveForward in 0.000127 sec
2012-12-11 21:22:49,394 - Robot_Team2 - INFO	 249: Sense       in 0.000100 sec
2012-12-11 21:22:49,446 - Robot_Team2 - INFO	 250: LeftTurn    in 0.000120 sec
2012-12-11 21:22:49,497 - Robot_Team2 - INFO	 251: Sense       in 0.000064 sec
2012-12-11 21:22:49,549 - Robot_Team2 - INFO	 252: MoveForward in 0.000097 sec
2012-12-11 21:22:49,600 - Robot_Team2 - INFO	 253: Sense       in 0.000075 sec
2012-12-11 21:22:49,652 - Robot_Team2 - INFO	 254: MoveForward in 0.000125 sec
2012-12-11 21:22:49,703 - Robot_Team2 - INFO	 255: Sense       in 0.000074 sec
2012-12-11 21:22:49,755 - Robot_Team2 - INFO	 256: MoveForward in 0.000119 sec
2012-12-11 21:22:49,806 - Robot_Team2 - INFO	 257: Sense       in 0.000105 sec
2012-12-11 21:22:49,858 - Robot_Team2 - INFO	 258: MoveForward in 0.000042 sec
2012-12-11 21:22:49,908 - Robot_Team2 - INFO	 259: Sense       in 0.000022 sec
2012-12-11 21:22:49,959 - Robot_Team2 - INFO	 260: MoveForward in 0.000032 sec
2012-12-11 21:22:50,009 - Robot_Team2 - INFO	 261: Sense       in 0.000022 sec
2012-12-11 21:22:50,060 - Robot_Team2 - INFO	 262: MoveForward in 0.000090 sec
2012-12-11 21:22:50,111 - Robot_Team2 - INFO	 263: Sense       in 0.000052 sec
2012-12-11 21:22:50,162 - Robot_Team2 - INFO	 264: MoveForward in 0.000120 sec
2012-12-11 21:22:50,214 - Robot_Team2 - INFO	 265: Sense       in 0.000073 sec
2012-12-11 21:22:50,265 - Robot_Team2 - INFO	 266: MoveForward in 0.000117 sec
2012-12-11 21:22:50,317 - Robot_Team2 - INFO	 267: Sense       in 0.000073 sec
2012-12-11 21:22:50,368 - Robot_Team2 - INFO	 268: MoveForward in 0.000125 sec
2012-12-11 21:22:50,420 - Robot_Team2 - INFO	 269: Sense       in 0.000070 sec
2012-12-11 21:22:50,471 - Robot_Team2 - INFO	 270: MoveForward in 0.000126 sec
2012-12-11 21:22:50,523 - Robot_Team2 - INFO	 271: Sense       in 0.000074 sec
2012-12-11 21:22:50,574 - Robot_Team2 - INFO	 272: RightTurn   in 0.000127 sec
2012-12-11 21:22:50,626 - Robot_Team2 - INFO	 273: Sense       in 0.000070 sec
2012-12-11 21:22:50,677 - Robot_Team2 - INFO	 274: RightTurn   in 0.000131 sec
2012-12-11 21:22:50,729 - Robot_Team2 - INFO	 275: Sense       in 0.000069 sec
2012-12-11 21:22:50,780 - Robot_Team2 - INFO	 276: MoveForward in 0.000100 sec
2012-12-11 21:22:50,832 - Robot_Team2 - INFO	 277: Sense       in 0.000065 sec
2012-12-11 21:22:50,883 - Robot_Team2 - INFO	 278: MoveForward in 0.000117 sec
2012-12-11 21:22:50,935 - Robot_Team2 - INFO	 279: Sense       in 0.000074 sec
2012-12-11 21:22:50,986 - Robot_Team2 - INFO	 280: MoveForward in 0.000044 sec
2012-12-11 21:22:51,036 - Robot_Team2 - INFO	 281: Sense       in 0.000027 sec
2012-12-11 21:22:51,087 - Robot_Team2 - INFO	 282: MoveForward in 0.000033 sec
2012-12-11 21:22:51,137 - Robot_Team2 - INFO	 283: Sense       in 0.000018 sec
2012-12-11 21:22:51,188 - Robot_Team2 - INFO	 284: MoveForward in 0.000048 sec
2012-12-11 21:22:51,239 - Robot_Team2 - INFO	 285: Sense       in 0.000075 sec
2012-12-11 21:22:51,291 - Robot_Team2 - INFO	 286: MoveForward in 0.000145 sec
2012-12-11 21:22:51,342 - Robot_Team2 - INFO	 287: Sense       in 0.000072 sec
2012-12-11 21:22:51,394 - Robot_Team2 - INFO	 288: MoveForward in 0.000127 sec
2012-12-11 21:22:51,445 - Robot_Team2 - INFO	 289: Sense       in 0.000067 sec
2012-12-11 21:22:51,497 - Robot_Team2 - INFO	 290: MoveForward in 0.000126 sec
2012-12-11 21:22:51,548 - Robot_Team2 - INFO	 291: Sense       in 0.000074 sec
2012-12-11 21:22:51,600 - Robot_Team2 - INFO	 292: RightTurn   in 0.000121 sec
2012-12-11 21:22:51,651 - Robot_Team2 - INFO	 293: Sense       in 0.000070 sec
2012-12-11 21:22:51,703 - Robot_Team2 - INFO	 294: MoveForward in 0.000097 sec
2012-12-11 21:22:51,754 - Robot_Team2 - INFO	 295: Sense       in 0.000074 sec
2012-12-11 21:22:51,806 - Robot_Team2 - INFO	 296: MoveForward in 0.000125 sec
2012-12-11 21:22:51,857 - Robot_Team2 - INFO	 297: Sense       in 0.000069 sec
2012-12-11 21:22:51,909 - Robot_Team2 - INFO	 298: RightTurn   in 0.000121 sec
2012-12-11 21:22:51,960 - Robot_Team2 - INFO	 299: Sense       in 0.000031 sec
2012-12-11 21:22:52,010 - Robot_Team2 - INFO	 300: MoveForward in 0.000027 sec
